<?xml version="1.0" encoding="UTF-8"?>
<!-- Generated by org.testng.reporters.JUnitReportReporter -->
<testsuite skipped="0" hostname="DESKTOP-G09LILE" name="com.paratest.testcases.HomePageTest" tests="2" failures="0" timestamp="08 Apr 2019 15:39:42 GMT" time="19.045" errors="0">
  <testcase name="AboutUSTest" time="10.141" classname="com.paratest.testcases.HomePageTest"/>
  <testcase name="serviceLinkTest" time="8.904" classname="com.paratest.testcases.HomePageTest"/>
</testsuite> <!-- com.paratest.testcases.HomePageTest -->
